[uDD::Log][2023-03-03 09:51:48] Start
[uDD::Log][2023-03-03 09:51:48] OS Version    : 10.0
[uDD::Log][2023-03-03 09:51:48] Build Number  : 22621
[uDD::Log][2023-03-03 09:51:48] Service Pack  : 
[uDD::Log][2023-03-03 09:51:48] Graphics Card [0] : Intel(R) Iris(R) Xe Graphics
[uDD::Log][2023-03-03 09:51:48]   > Monitor[0] : \\.\DISPLAY10
[uDD::Log][2023-03-03 09:51:48]   > Monitor[1] : \\.\DISPLAY11
[uDD::Log][2023-03-03 09:51:48]   > Monitor[2] : \\.\DISPLAY12
[uDD::Log][2023-03-03 09:51:48] Graphics Card [1] : Intel(R) Iris(R) Xe Graphics
[uDD::Log][2023-03-03 09:51:48] Graphics Card [2] : Microsoft Basic Render Driver
[uDD::Log][2023-03-03 09:51:48] Monitor::Initialized() =>
[uDD::Log][2023-03-03 09:51:48]     ID    : 0
[uDD::Log][2023-03-03 09:51:48]     Size  : (2400, 1600)
[uDD::Log][2023-03-03 09:51:48]     DPI   : (201, 201)
[uDD::Log][2023-03-03 09:51:48]     Rot   : Landscape
[uDD::Log][2023-03-03 09:51:48] Duplicator::Initialize() => OK.
[uDD::Err][2023-03-03 09:51:48] Monitor::Initialize() => GetDpiForMonitor() failed.
[uDD::Log][2023-03-03 09:51:48] Monitor::Initialized() =>
[uDD::Log][2023-03-03 09:51:48]     ID    : 1
[uDD::Log][2023-03-03 09:51:48]     Size  : (1920, 1080)
[uDD::Log][2023-03-03 09:51:48]     DPI   : (0, 0)
[uDD::Log][2023-03-03 09:51:48]     Rot   : Landscape
[uDD::Log][2023-03-03 09:51:48] Duplicator::Initialize() => OK.
[uDD::Log][2023-03-03 09:51:48] Monitor::Initialized() =>
[uDD::Log][2023-03-03 09:51:48]     ID    : 2
[uDD::Log][2023-03-03 09:51:48]     Size  : (3840, 2160)
[uDD::Log][2023-03-03 09:51:48]     DPI   : (163, 163)
[uDD::Log][2023-03-03 09:51:48]     Rot   : Landscape
[uDD::Log][2023-03-03 09:51:48] Duplicator::Initialize() => OK.
[uDD::Log][2023-03-03 09:54:18] Stop
